<?xml version="1.0" encoding="UTF-8"?>
<!-- Generated by org.testng.reporters.JUnitReportReporter -->
<testsuite hostname="C02Z23HHLVDM" failures="0" tests="1" name="tests.NewTest" time="24.633" errors="0" timestamp="2021-05-31T17:00:33 IST" skipped="0">
  <testcase classname="tests.NewTest" name="openMyBlog" time="24.633"/>
  <system-out/>
</testsuite> <!-- tests.NewTest -->
