<?xml version="1.0" encoding="UTF-8"?>
<!-- Generated by org.testng.reporters.JUnitReportReporter -->
<testsuite hostname="C02Z23HHLVDM" failures="0" tests="1" name="tests.NewTest" time="25.145" errors="0" timestamp="2021-05-31T18:39:57 IST" skipped="0">
  <testcase classname="tests.NewTest" name="openMyBlog" time="25.145"/>
  <system-out/>
</testsuite> <!-- tests.NewTest -->
